<?xml version="1.0" encoding="UTF-8"?>
<!-- Generated by org.testng.reporters.JUnitReportReporter -->
<testsuite hostname="DESKTOP-0RNVDOT" failures="0" tests="1" name="myproject.Screenshot" time="0.104" errors="0" timestamp="2021-08-08T18:55:49 IST" skipped="0">
  <testcase classname="myproject.Screenshot" name="getScreenshot" time="0.104"/>
  <system-out/>
</testsuite> <!-- myproject.Screenshot -->
