<?xml version="1.0" encoding="UTF-8"?>
<!-- Generated by org.testng.reporters.JUnitReportReporter -->
<testsuite hostname="DESKTOP-0RNVDOT" failures="0" tests="1" name="readwritefile.RWFile" time="0.316" errors="0" timestamp="2021-07-27T21:26:27 IST" skipped="0">
  <testcase classname="readwritefile.RWFile" name="readwriteFile" time="0.316"/>
  <system-out/>
</testsuite> <!-- readwritefile.RWFile -->
